部分语音是多通道：
A_audio/72a4013c-0141-4350-a6cb-28577a0977cd.wav  2 取第一个通道
train_audio/train_audio_batch_6/b0d2bde3-4aaa-4be1-8709-420a56f1d3dc.wav 5 前三个通道均可
train_audio/train_audio_batch_6/afadff3f-4e28-4029-a679-592b980f4842.wav 2 两个通道均可


A榜测试:
识别不准确的音频:
0e7f1d8b-2786-4bfb-8579-7173f692dfdb	天猫精灵要个鹿茸净小草吧
8de1c21b-e5f5-471f-ab47-8e0115a97497	快一点给我们姐姐给我放大声一点
9a477a8f-efb2-4911-bdef-2599f5e2b240	天猫精灵基数是双数还是单数
51c55580-0b6b-4e21-a7c1-f454f49467b4	天猫精灵 EAT来碗热乎的山药排骨粥吧 (EAT 是打嗝声)
c7563fb8-7d43-41a4-abc0-07847b061637	天猫精灵 LEVEL红枣核桃养胃粥吧 (LEVEL->来碗)
28846702-87cd-48eb-bbbc-78012ec4d1b0	单臂 LYING自己胸椎的锻炼方式有哪些 (听不清)

部分识别错误的词可以通过映射还原：
c1d316ca-9cf2-4288-9a2e-4797a6220222	天猫精灵要往三月红枣粥养胃的    (要往)  要碗
4a97d4b5-1cc9-4afc-8ea8-82c7ee78044a	天猫精灵来问桂圆山药粥养养胃    (来问)  来碗
63330015-cf56-4f3f-90ca-950d322497b5	天猫精灵来玩儿鱼丸儿粉丝汤吧    (来玩)
fb02b2ae-b8bc-49db-ae67-02d801b4894a	天猫精灵要玩香菇鸡用热粥热乎的  (要玩)
9ac0b285-7bdf-496a-ae5a-e364082276df	天猫精灵来问摩羯座小草吧        (来问|小草) 小炒
2952b118-3d7e-44c0-b5f3-8801b5ffbe6a	天猫精灵来问外婆家的那些小草吧  (来问|小草)
4e8ac044-a824-4fbc-9a64-1be3f421f883	芹菜香根小草来一份吧
1222ff32-7ae2-4627-a65a-dfdd1cb1d953	天猫精灵要个加长小草黑木耳吧
f0467100-9996-40c7-a26d-3a17ed0c3b0c	天猫精灵灵魂高帮的四小草吧
72911330-ad68-433a-af7d-6a38c3c7ad02	天猫精灵雷夫杜绝如此小草
5237b5dd-467d-4cb5-8981-8b883506d3de	来玩    （有噪音识别干扰，实际语音：来碗XXX）
c5289a11-bfbf-4545-bfc6-aec9dd3bb9d6	天猫精灵我要玩脑筋急转弯游戏    （误判）



DOM：
基于关键词判断：
# 点餐关键词列表
pos_keywords = ['来碗', '来份', '要碗', '来一份', '要份', "要个", "养胃", "热乎"]

# 非点餐关键词列表
neg_keywords = ['播放', '等于', '声音', '音量', '乘以', "多少", "音乐", "除以", "歌曲", "打开"]

train.txt 77841
pos_keywords 32541  dom == 1
neg_keywords 19593  dom == 0
覆盖66.97%

A_audio.txt 4000
pos_keywords 1510  dom == 1
neg_keywords 893  dom == 0
覆盖60.08%